\BOOKMARK [1][-]{section.1}{\376\377\230\171\166\356\173\200\116\313}{}% 1
\BOOKMARK [1][-]{section.2}{\376\377\200\314\146\157\116\016\166\356\150\007}{}% 2
\BOOKMARK [1][-]{section.3}{\376\377\127\372\147\054\123\237\164\006}{}% 3
\BOOKMARK [2][-]{subsection.3.1}{\376\377\225\356\230\230\152\041\127\213}{section.3}% 4
\BOOKMARK [2][-]{subsection.3.2}{\376\377\000O\000r\000a\000c\000l\000e\166\370\117\115\150\007\213\260}{section.3}% 5
\BOOKMARK [2][-]{subsection.3.3}{\376\377\000D\000i\000f\000f\000u\000s\000i\000o\000n\127\107\120\074\120\022\177\156}{section.3}% 6
\BOOKMARK [2][-]{subsection.3.4}{\376\377\121\340\117\125\211\343\221\312}{section.3}% 7
\BOOKMARK [2][-]{subsection.3.5}{\376\377\217\355\116\343\153\041\145\160\116\016\151\202\163\207\123\330\123\026}{section.3}% 8
\BOOKMARK [1][-]{section.4}{\376\377\174\373\176\337\213\276\213\241\116\016\133\236\163\260}{}% 9
\BOOKMARK [2][-]{subsection.4.1}{\376\377\230\171\166\356\176\323\147\204}{section.4}% 10
\BOOKMARK [2][-]{subsection.4.2}{\376\377\116\073\211\201\135\345\121\167}{section.4}% 11
\BOOKMARK [2][-]{subsection.4.3}{\376\377\173\227\154\325\155\101\172\013\116\016\162\266\140\001\213\260\137\125}{section.4}% 12
\BOOKMARK [2][-]{subsection.4.4}{\376\377\217\320\210\114\145\271\137\017}{section.4}% 13
\BOOKMARK [2][-]{subsection.4.5}{\376\377\121\163\225\056\133\236\163\260\145\271\154\325}{section.4}% 14
\BOOKMARK [3][-]{subsubsection.4.5.1}{\376\377\131\032\143\247\122\066\166\370\117\115\177\373\217\154}{subsection.4.5}% 15
\BOOKMARK [3][-]{subsubsection.4.5.2}{\376\377\166\356\150\007\140\001\000O\000r\000a\000c\000l\000e\147\204\220\040}{subsection.4.5}% 16
\BOOKMARK [3][-]{subsubsection.4.5.3}{\376\377\000D\000i\000f\000f\000u\000s\000i\000o\000n\173\227\133\120\147\204\220\040}{subsection.4.5}% 17
\BOOKMARK [3][-]{subsubsection.4.5.4}{\376\377\133\214\145\164\000G\000r\000o\000v\000e\000r\165\065\215\357\147\204\220\040}{subsection.4.5}% 18
\BOOKMARK [3][-]{subsubsection.4.5.5}{\376\377\116\055\225\364\140\001\117\335\133\130}{subsection.4.5}% 19
\BOOKMARK [1][-]{section.5}{\376\377\123\357\211\306\123\026\145\110\147\234}{}% 20
\BOOKMARK [2][-]{subsection.5.1}{\376\377\116\244\116\222\123\302\145\160}{section.5}% 21
\BOOKMARK [1][-]{section.6}{\376\377\217\320\210\114\176\323\147\234}{}% 22
\BOOKMARK [2][-]{subsection.6.1}{\376\377\0003\221\317\133\120\153\324\162\171\166\356\150\007\140\001\000|\0001\0000\0001\000>\171\072\117\213}{section.6}% 23
\BOOKMARK [2][-]{subsection.6.2}{\376\377\116\016\164\006\213\272\176\323\147\234\133\371\161\147}{section.6}% 24
\BOOKMARK [2][-]{subsection.6.3}{\376\377\0002\221\317\133\120\153\324\162\171\140\305\121\265}{section.6}% 25
\BOOKMARK [1][-]{section.7}{\376\377\225\356\230\230\116\016\145\071\217\333}{}% 26
\BOOKMARK [2][-]{subsection.7.1}{\376\377\135\362\133\214\142\020\166\204\122\237\200\375}{section.7}% 27
\BOOKMARK [2][-]{subsection.7.2}{\376\377\116\015\215\263\116\016\145\071\217\333\145\271\124\021}{section.7}% 28
\BOOKMARK [1][-]{section.8}{\376\377\140\073\176\323}{}% 29
