INFO:  latexindent.pl version 4.0.1, 2026-05-04, a script to indent .tex files
       latexindent.pl lives here: D:/Program/MiKTeX/scripts/latexindent/
       Wed Jul  1 16:56:31 2026
       Filename: c:/Users/ťôąśė†Ťąü/AppData/Local/Temp/e9176ca9-ef4e-4f5c-b17b-42c8d886abed_grover_report_sections_direct.zip.bed/__latexindent_temp_02_principles_direct.tex
INFO:  Processing switches:
       -y|--yaml: YAML settings specified via command line
       -c|--cruft: cruft directory
INFO:  Directory for backup files and log file d:\Users\ťôąśė†Ťąü\Desktop\grover_qiskit_ui_refined\report\indent.log:
       d:\Users\ťôąśė†Ťąü\Desktop\grover_qiskit_ui_refined\report\
INFO:  Perl modules are being loaded from the following directories:
       D:/Program/Strawberry/perl/lib/FindBin.pm
       D:/Program/Strawberry/perl/vendor/lib/YAML/Tiny.pm
       D:/Program/Strawberry/perl/lib/File/Copy.pm
       D:/Program/Strawberry/perl/lib/File/Basename.pm
       D:/Program/Strawberry/perl/lib/Getopt/Long.pm
       D:/Program/Strawberry/perl/vendor/lib/File/HomeDir.pm
INFO:  LatexIndent perl modules are being loaded from, for example:
       D:/Program/MiKTeX/scripts/latexindent/LatexIndent/Document.pm
INFO:  YAML settings read: defaultSettings.yaml
       Reading defaultSettings.yaml from D:/Program/MiKTeX/scripts/latexindent/defaultSettings.yaml
INFO:  YAML reading settings
       Home directory is D:\
       latexindent.pl didn't find indentconfig.yaml or .indentconfig.yaml
       see all possible locations: https://latexindentpl.readthedocs.io/en/latest/sec-appendices.html#indentconfig-options
INFO:  YAML settings read: -y switch
       YAML setting: defaultIndent:'    '
       single-quoted string found in -y switch: '    ', substitute to     
       Updating mainSetting with defaultIndent:     
INFO:  Output routine:
       Not outputting to file; see -w and -o switches for more options.
       --------------
INFO:  Please direct all communication/issues to:
       https://github.com/cmhughes/latexindent.pl
       documentation: https://latexindentpl.readthedocs.io/en/latest/
